18:15:23.407 [background-preinit] INFO  o.h.v.i.util.Version - [<clinit>,21] - HV000001: Hibernate Validator 6.1.5.Final
18:15:23.647 [restartedMain] INFO  c.y.s.SeedApplication - [logStarting,55] - Starting SeedApplication on yangshudeMacBook-Air.local with PID 31868 (/Users/yangshu/Project/learn_myself/spring-boot-seed/target/classes started by yangshu in /Users/yangshu/Project/learn_myself/spring-boot-seed)
18:15:23.651 [restartedMain] INFO  c.y.s.SeedApplication - [logStartupProfileInfo,655] - The following profiles are active: dev
18:16:44.614 [background-preinit] INFO  o.h.v.i.util.Version - [<clinit>,21] - HV000001: Hibernate Validator 6.1.5.Final
18:16:44.702 [restartedMain] INFO  c.y.s.SeedApplication - [logStarting,55] - Starting SeedApplication on yangshudeMacBook-Air.local with PID 31883 (/Users/yangshu/Project/learn_myself/spring-boot-seed/target/classes started by yangshu in /Users/yangshu/Project/learn_myself/spring-boot-seed)
18:16:44.706 [restartedMain] INFO  c.y.s.SeedApplication - [logStartupProfileInfo,655] - The following profiles are active: dev
18:16:51.416 [restartedMain] INFO  o.a.c.h.Http11NioProtocol - [log,173] - Initializing ProtocolHandler ["http-nio-8100"]
18:16:51.420 [restartedMain] INFO  o.a.c.c.StandardService - [log,173] - Starting service [Tomcat]
18:16:51.421 [restartedMain] INFO  o.a.c.c.StandardEngine - [log,173] - Starting Servlet engine: [Apache Tomcat/9.0.38]
18:16:51.669 [restartedMain] INFO  o.a.c.c.C.[.[.[/] - [log,173] - Initializing Spring embedded WebApplicationContext
18:16:54.214 [restartedMain] INFO  s.d.s.w.PropertySourcedRequestMappingHandlerMapping - [initHandlerMethods,69] - Mapped URL path [/v2/api-docs] onto method [springfox.documentation.swagger2.web.Swagger2Controller#getDocumentation(String, HttpServletRequest)]
18:16:55.253 [restartedMain] INFO  c.a.d.s.b.a.DruidDataSourceAutoConfigure - [dataSource,56] - Init DruidDataSource
18:16:56.143 [restartedMain] INFO  c.a.d.p.DruidDataSource - [init,991] - {dataSource-1} inited
18:16:56.221 [restartedMain] INFO  t.m.m.a.MapperCacheDisabler - [removeStaticCache,60] - Clear tk.mybatis.mapper.util.MsUtil CLASS_CACHE cache.
18:16:56.225 [restartedMain] INFO  t.m.m.a.MapperCacheDisabler - [removeStaticCache,60] - Clear tk.mybatis.mapper.genid.GenIdUtil CACHE cache.
18:16:56.226 [restartedMain] INFO  t.m.m.a.MapperCacheDisabler - [removeStaticCache,60] - Clear tk.mybatis.mapper.version.VersionUtil CACHE cache.
18:16:56.258 [restartedMain] INFO  t.m.m.a.MapperCacheDisabler - [removeEntityHelperCache,83] - Clear EntityHelper entityTableMap cache.
18:16:56.316 [restartedMain] INFO  c.a.d.p.DruidDataSource - [close,1928] - {dataSource-1} closed
18:16:56.386 [restartedMain] INFO  o.a.c.c.StandardService - [log,173] - Stopping service [Tomcat]
20:42:38.361 [background-preinit] INFO  o.h.v.i.util.Version - [<clinit>,21] - HV000001: Hibernate Validator 6.1.5.Final
20:42:38.820 [restartedMain] INFO  c.y.s.SeedApplication - [logStarting,55] - Starting SeedApplication on yangshudeMacBook-Air.local with PID 35802 (/Users/yangshu/Project/learn_myself/spring-boot-seed/target/classes started by yangshu in /Users/yangshu/Project/learn_myself/spring-boot-seed)
20:42:38.829 [restartedMain] INFO  c.y.s.SeedApplication - [logStartupProfileInfo,655] - The following profiles are active: dev
20:42:47.774 [restartedMain] INFO  o.a.c.h.Http11NioProtocol - [log,173] - Initializing ProtocolHandler ["http-nio-8100"]
20:42:47.781 [restartedMain] INFO  o.a.c.c.StandardService - [log,173] - Starting service [Tomcat]
20:42:47.781 [restartedMain] INFO  o.a.c.c.StandardEngine - [log,173] - Starting Servlet engine: [Apache Tomcat/9.0.38]
20:42:48.047 [restartedMain] INFO  o.a.c.c.C.[.[.[/] - [log,173] - Initializing Spring embedded WebApplicationContext
20:42:50.694 [restartedMain] INFO  s.d.s.w.PropertySourcedRequestMappingHandlerMapping - [initHandlerMethods,69] - Mapped URL path [/v2/api-docs] onto method [springfox.documentation.swagger2.web.Swagger2Controller#getDocumentation(String, HttpServletRequest)]
20:42:50.854 [restartedMain] INFO  c.a.d.s.b.a.DruidDataSourceAutoConfigure - [dataSource,56] - Init DruidDataSource
20:42:52.173 [restartedMain] INFO  c.a.d.p.DruidDataSource - [init,991] - {dataSource-1} inited
20:42:52.320 [restartedMain] INFO  c.a.d.p.DruidDataSource - [close,1928] - {dataSource-1} closed
20:42:52.396 [restartedMain] INFO  o.a.c.c.StandardService - [log,173] - Stopping service [Tomcat]
20:43:57.783 [background-preinit] INFO  o.h.v.i.util.Version - [<clinit>,21] - HV000001: Hibernate Validator 6.1.5.Final
20:43:57.942 [restartedMain] INFO  c.y.s.SeedApplication - [logStarting,55] - Starting SeedApplication on yangshudeMacBook-Air.local with PID 35907 (/Users/yangshu/Project/learn_myself/spring-boot-seed/target/classes started by yangshu in /Users/yangshu/Project/learn_myself/spring-boot-seed)
20:43:57.945 [restartedMain] INFO  c.y.s.SeedApplication - [logStartupProfileInfo,655] - The following profiles are active: dev
20:44:08.467 [restartedMain] INFO  o.a.c.h.Http11NioProtocol - [log,173] - Initializing ProtocolHandler ["http-nio-8100"]
20:44:08.474 [restartedMain] INFO  o.a.c.c.StandardService - [log,173] - Starting service [Tomcat]
20:44:08.475 [restartedMain] INFO  o.a.c.c.StandardEngine - [log,173] - Starting Servlet engine: [Apache Tomcat/9.0.38]
20:44:08.835 [restartedMain] INFO  o.a.c.c.C.[.[.[/] - [log,173] - Initializing Spring embedded WebApplicationContext
20:44:11.709 [restartedMain] INFO  s.d.s.w.PropertySourcedRequestMappingHandlerMapping - [initHandlerMethods,69] - Mapped URL path [/v2/api-docs] onto method [springfox.documentation.swagger2.web.Swagger2Controller#getDocumentation(String, HttpServletRequest)]
20:44:11.930 [restartedMain] INFO  c.a.d.s.b.a.DruidDataSourceAutoConfigure - [dataSource,56] - Init DruidDataSource
20:44:13.959 [restartedMain] INFO  c.a.d.p.DruidDataSource - [init,991] - {dataSource-1} inited
20:44:14.270 [restartedMain] INFO  c.a.d.p.DruidDataSource - [close,1928] - {dataSource-1} closed
20:44:14.378 [restartedMain] INFO  o.a.c.c.StandardService - [log,173] - Stopping service [Tomcat]
20:45:51.887 [background-preinit] INFO  o.h.v.i.util.Version - [<clinit>,21] - HV000001: Hibernate Validator 6.1.5.Final
20:45:52.090 [restartedMain] INFO  c.y.s.SeedApplication - [logStarting,55] - Starting SeedApplication on yangshudeMacBook-Air.local with PID 35995 (/Users/yangshu/Project/learn_myself/spring-boot-seed/target/classes started by yangshu in /Users/yangshu/Project/learn_myself/spring-boot-seed)
20:45:52.094 [restartedMain] INFO  c.y.s.SeedApplication - [logStartupProfileInfo,655] - The following profiles are active: dev
20:45:58.438 [restartedMain] INFO  o.a.c.h.Http11NioProtocol - [log,173] - Initializing ProtocolHandler ["http-nio-8100"]
20:45:58.442 [restartedMain] INFO  o.a.c.c.StandardService - [log,173] - Starting service [Tomcat]
20:45:58.442 [restartedMain] INFO  o.a.c.c.StandardEngine - [log,173] - Starting Servlet engine: [Apache Tomcat/9.0.38]
20:45:58.645 [restartedMain] INFO  o.a.c.c.C.[.[.[/] - [log,173] - Initializing Spring embedded WebApplicationContext
20:46:00.412 [restartedMain] INFO  s.d.s.w.PropertySourcedRequestMappingHandlerMapping - [initHandlerMethods,69] - Mapped URL path [/v2/api-docs] onto method [springfox.documentation.swagger2.web.Swagger2Controller#getDocumentation(String, HttpServletRequest)]
20:46:00.511 [restartedMain] INFO  c.a.d.s.b.a.DruidDataSourceAutoConfigure - [dataSource,56] - Init DruidDataSource
20:46:01.480 [restartedMain] INFO  c.a.d.p.DruidDataSource - [init,991] - {dataSource-1} inited
20:46:01.557 [restartedMain] INFO  c.a.d.p.DruidDataSource - [close,1928] - {dataSource-1} closed
20:46:01.606 [restartedMain] INFO  o.a.c.c.StandardService - [log,173] - Stopping service [Tomcat]
20:47:56.398 [background-preinit] INFO  o.h.v.i.util.Version - [<clinit>,21] - HV000001: Hibernate Validator 6.1.5.Final
20:47:56.875 [restartedMain] INFO  c.y.s.SeedApplication - [logStarting,55] - Starting SeedApplication on yangshudeMacBook-Air.local with PID 36062 (/Users/yangshu/Project/learn_myself/spring-boot-seed/target/classes started by yangshu in /Users/yangshu/Project/learn_myself/spring-boot-seed)
20:47:56.877 [restartedMain] INFO  c.y.s.SeedApplication - [logStartupProfileInfo,655] - The following profiles are active: dev
20:48:08.808 [restartedMain] INFO  o.a.c.h.Http11NioProtocol - [log,173] - Initializing ProtocolHandler ["http-nio-8100"]
20:48:08.832 [restartedMain] INFO  o.a.c.c.StandardService - [log,173] - Starting service [Tomcat]
20:48:08.840 [restartedMain] INFO  o.a.c.c.StandardEngine - [log,173] - Starting Servlet engine: [Apache Tomcat/9.0.38]
20:48:09.778 [restartedMain] INFO  o.a.c.c.C.[.[.[/] - [log,173] - Initializing Spring embedded WebApplicationContext
20:48:12.901 [restartedMain] INFO  s.d.s.w.PropertySourcedRequestMappingHandlerMapping - [initHandlerMethods,69] - Mapped URL path [/v2/api-docs] onto method [springfox.documentation.swagger2.web.Swagger2Controller#getDocumentation(String, HttpServletRequest)]
20:48:13.082 [restartedMain] INFO  c.a.d.s.b.a.DruidDataSourceAutoConfigure - [dataSource,56] - Init DruidDataSource
20:48:14.309 [restartedMain] INFO  c.a.d.p.DruidDataSource - [init,991] - {dataSource-1} inited
20:48:15.059 [restartedMain] INFO  c.a.d.p.DruidDataSource - [close,1928] - {dataSource-1} closed
20:48:15.129 [restartedMain] INFO  o.a.c.c.StandardService - [log,173] - Stopping service [Tomcat]
20:54:29.736 [background-preinit] INFO  o.h.v.i.util.Version - [<clinit>,21] - HV000001: Hibernate Validator 6.1.5.Final
20:54:30.007 [restartedMain] INFO  c.y.s.SeedApplication - [logStarting,55] - Starting SeedApplication on yangshudeMacBook-Air.local with PID 36441 (/Users/yangshu/Project/learn_myself/spring-boot-seed/target/classes started by yangshu in /Users/yangshu/Project/learn_myself/spring-boot-seed)
20:54:30.010 [restartedMain] INFO  c.y.s.SeedApplication - [logStartupProfileInfo,655] - The following profiles are active: dev
20:54:42.037 [restartedMain] INFO  o.a.c.h.Http11NioProtocol - [log,173] - Initializing ProtocolHandler ["http-nio-8100"]
20:54:42.044 [restartedMain] INFO  o.a.c.c.StandardService - [log,173] - Starting service [Tomcat]
20:54:42.046 [restartedMain] INFO  o.a.c.c.StandardEngine - [log,173] - Starting Servlet engine: [Apache Tomcat/9.0.38]
20:54:42.434 [restartedMain] INFO  o.a.c.c.C.[.[.[/] - [log,173] - Initializing Spring embedded WebApplicationContext
20:54:46.874 [restartedMain] INFO  s.d.s.w.PropertySourcedRequestMappingHandlerMapping - [initHandlerMethods,69] - Mapped URL path [/v2/api-docs] onto method [springfox.documentation.swagger2.web.Swagger2Controller#getDocumentation(String, HttpServletRequest)]
20:54:48.353 [restartedMain] INFO  c.a.d.s.b.a.DruidDataSourceAutoConfigure - [dataSource,56] - Init DruidDataSource
20:54:49.237 [restartedMain] INFO  c.a.d.p.DruidDataSource - [init,991] - {dataSource-1} inited
20:54:52.356 [restartedMain] INFO  o.a.c.h.Http11NioProtocol - [log,173] - Starting ProtocolHandler ["http-nio-8100"]
20:54:52.483 [restartedMain] INFO  s.d.s.w.p.DocumentationPluginsBootstrapper - [start,160] - Context refreshed
20:54:52.599 [restartedMain] INFO  s.d.s.w.p.DocumentationPluginsBootstrapper - [start,163] - Found 1 custom documentation plugin(s)
20:54:52.692 [restartedMain] INFO  s.d.s.w.s.ApiListingReferenceScanner - [scan,41] - Scanning for api listing references
20:54:52.791 [restartedMain] INFO  c.y.s.SeedApplication - [logStarted,61] - Started SeedApplication in 24.89 seconds (JVM running for 30.883)
20:55:00.108 [SpringContextShutdownHook] INFO  c.a.d.p.DruidDataSource - [close,1928] - {dataSource-1} closed
20:55:19.939 [background-preinit] INFO  o.h.v.i.util.Version - [<clinit>,21] - HV000001: Hibernate Validator 6.1.5.Final
20:55:20.351 [restartedMain] INFO  c.y.s.SeedApplication - [logStarting,55] - Starting SeedApplication on yangshudeMacBook-Air.local with PID 36510 (/Users/yangshu/Project/learn_myself/spring-boot-seed/target/classes started by yangshu in /Users/yangshu/Project/learn_myself/spring-boot-seed)
20:55:20.355 [restartedMain] INFO  c.y.s.SeedApplication - [logStartupProfileInfo,655] - The following profiles are active: dev
20:55:36.560 [restartedMain] INFO  o.a.c.h.Http11NioProtocol - [log,173] - Initializing ProtocolHandler ["http-nio-8100"]
20:55:36.567 [restartedMain] INFO  o.a.c.c.StandardService - [log,173] - Starting service [Tomcat]
20:55:36.567 [restartedMain] INFO  o.a.c.c.StandardEngine - [log,173] - Starting Servlet engine: [Apache Tomcat/9.0.38]
20:55:36.901 [restartedMain] INFO  o.a.c.c.C.[.[.[/] - [log,173] - Initializing Spring embedded WebApplicationContext
20:55:39.880 [restartedMain] INFO  s.d.s.w.PropertySourcedRequestMappingHandlerMapping - [initHandlerMethods,69] - Mapped URL path [/v2/api-docs] onto method [springfox.documentation.swagger2.web.Swagger2Controller#getDocumentation(String, HttpServletRequest)]
20:55:41.566 [restartedMain] INFO  c.a.d.s.b.a.DruidDataSourceAutoConfigure - [dataSource,56] - Init DruidDataSource
20:55:42.457 [restartedMain] INFO  c.a.d.p.DruidDataSource - [init,991] - {dataSource-1} inited
20:55:42.611 [restartedMain] INFO  c.a.d.p.DruidDataSource - [close,1928] - {dataSource-1} closed
20:55:42.654 [restartedMain] INFO  o.a.c.c.StandardService - [log,173] - Stopping service [Tomcat]
20:57:04.948 [background-preinit] INFO  o.h.v.i.util.Version - [<clinit>,21] - HV000001: Hibernate Validator 6.1.5.Final
20:57:05.151 [restartedMain] INFO  c.y.s.SeedApplication - [logStarting,55] - Starting SeedApplication on yangshudeMacBook-Air.local with PID 36588 (/Users/yangshu/Project/learn_myself/spring-boot-seed/target/classes started by yangshu in /Users/yangshu/Project/learn_myself/spring-boot-seed)
20:57:05.152 [restartedMain] INFO  c.y.s.SeedApplication - [logStartupProfileInfo,655] - The following profiles are active: dev
20:57:10.829 [restartedMain] INFO  o.a.c.h.Http11NioProtocol - [log,173] - Initializing ProtocolHandler ["http-nio-8100"]
20:57:10.833 [restartedMain] INFO  o.a.c.c.StandardService - [log,173] - Starting service [Tomcat]
20:57:10.834 [restartedMain] INFO  o.a.c.c.StandardEngine - [log,173] - Starting Servlet engine: [Apache Tomcat/9.0.38]
20:57:11.080 [restartedMain] INFO  o.a.c.c.C.[.[.[/] - [log,173] - Initializing Spring embedded WebApplicationContext
20:57:13.068 [restartedMain] INFO  s.d.s.w.PropertySourcedRequestMappingHandlerMapping - [initHandlerMethods,69] - Mapped URL path [/v2/api-docs] onto method [springfox.documentation.swagger2.web.Swagger2Controller#getDocumentation(String, HttpServletRequest)]
20:57:14.142 [restartedMain] INFO  c.a.d.s.b.a.DruidDataSourceAutoConfigure - [dataSource,56] - Init DruidDataSource
20:57:14.933 [restartedMain] INFO  c.a.d.p.DruidDataSource - [init,991] - {dataSource-1} inited
20:57:17.607 [restartedMain] INFO  o.a.c.h.Http11NioProtocol - [log,173] - Starting ProtocolHandler ["http-nio-8100"]
20:57:17.691 [restartedMain] INFO  s.d.s.w.p.DocumentationPluginsBootstrapper - [start,160] - Context refreshed
20:57:17.772 [restartedMain] INFO  s.d.s.w.p.DocumentationPluginsBootstrapper - [start,163] - Found 1 custom documentation plugin(s)
20:57:17.852 [restartedMain] INFO  s.d.s.w.s.ApiListingReferenceScanner - [scan,41] - Scanning for api listing references
20:57:17.920 [restartedMain] INFO  c.y.s.SeedApplication - [logStarted,61] - Started SeedApplication in 13.949 seconds (JVM running for 16.285)
22:07:39.090 [background-preinit] INFO  o.h.v.i.util.Version - [<clinit>,21] - HV000001: Hibernate Validator 6.1.5.Final
22:07:39.228 [restartedMain] INFO  c.y.e.ElasticApplication - [logStarting,55] - Starting ElasticApplication on yangshudeMacBook-Air.local with PID 1808 (/Users/yangshu/Project/learn_myself/elasticSearch/ElasticSearch/target/classes started by yangshu in /Users/yangshu/Project/learn_myself/elasticSearch/ElasticSearch)
22:07:39.232 [restartedMain] INFO  c.y.e.ElasticApplication - [logStartupProfileInfo,655] - The following profiles are active: dev
22:07:45.582 [restartedMain] INFO  o.a.c.h.Http11NioProtocol - [log,173] - Initializing ProtocolHandler ["http-nio-8100"]
22:07:45.586 [restartedMain] INFO  o.a.c.c.StandardService - [log,173] - Starting service [Tomcat]
22:07:45.586 [restartedMain] INFO  o.a.c.c.StandardEngine - [log,173] - Starting Servlet engine: [Apache Tomcat/9.0.38]
22:07:45.818 [restartedMain] INFO  o.a.c.c.C.[.[.[/] - [log,173] - Initializing Spring embedded WebApplicationContext
22:07:48.405 [restartedMain] INFO  s.d.s.w.PropertySourcedRequestMappingHandlerMapping - [initHandlerMethods,69] - Mapped URL path [/v2/api-docs] onto method [springfox.documentation.swagger2.web.Swagger2Controller#getDocumentation(String, HttpServletRequest)]
22:07:48.557 [restartedMain] INFO  c.a.d.s.b.a.DruidDataSourceAutoConfigure - [dataSource,56] - Init DruidDataSource
22:07:49.606 [restartedMain] INFO  c.a.d.p.DruidDataSource - [init,991] - {dataSource-1} inited
22:07:53.852 [restartedMain] INFO  o.a.c.h.Http11NioProtocol - [log,173] - Starting ProtocolHandler ["http-nio-8100"]
22:07:53.946 [restartedMain] INFO  s.d.s.w.p.DocumentationPluginsBootstrapper - [start,160] - Context refreshed
22:07:54.061 [restartedMain] INFO  s.d.s.w.p.DocumentationPluginsBootstrapper - [start,163] - Found 1 custom documentation plugin(s)
22:07:54.191 [restartedMain] INFO  s.d.s.w.s.ApiListingReferenceScanner - [scan,41] - Scanning for api listing references
22:07:54.262 [restartedMain] INFO  c.y.e.ElasticApplication - [logStarted,61] - Started ElasticApplication in 16.334 seconds (JVM running for 19.417)
22:08:21.577 [SpringContextShutdownHook] INFO  c.a.d.p.DruidDataSource - [close,1928] - {dataSource-1} closed
